This file contains any messages produced by compilers while
running configure, to aid debugging if configure makes a mistake.

It was created by libpsychexpe configure 0.0.1, which was
generated by GNU Autoconf 2.69.  Invocation command line was

  $ ./configure 

## --------- ##
## Platform. ##
## --------- ##

hostname = is154920
uname -m = x86_64
uname -r = 5.13.0-41-lowlatency
uname -s = Linux
uname -v = #46~20.04.1-Ubuntu SMP PREEMPT Wed Apr 20 14:13:08 UTC 2022

/usr/bin/uname -p = x86_64
/bin/uname -X     = unknown

/bin/arch              = x86_64
/usr/bin/arch -k       = unknown
/usr/convex/getsysinfo = unknown
/usr/bin/hostinfo      = unknown
/bin/machine           = unknown
/usr/bin/oslevel       = unknown
/bin/universe          = unknown

PATH: /home/cp983411/anaconda3/bin
PATH: /home/cp983411/anaconda3/condabin
PATH: /home/cp983411/.nvm/versions/node/v12.17.0/bin
PATH: /home/cp983411/.cargo/bin
PATH: /home/cp983411/.opam/4.11.1/bin
PATH: /home/cp983411/opt/freesurfer/bin
PATH: /home/cp983411/opt/freesurfer/fsfast/bin
PATH: /home/cp983411/opt/freesurfer/tktools
PATH: /home/cp983411/opt/fsl/bin
PATH: /home/cp983411/opt/freesurfer/mni/bin
PATH: /home/cp983411/opt/fsl/bin
PATH: /home/cp983411/.local/bin
PATH: /home/cp983411/bin
PATH: /usr/local/sbin
PATH: /usr/local/bin
PATH: /usr/sbin
PATH: /usr/bin
PATH: /sbin
PATH: /bin
PATH: /usr/games
PATH: /usr/local/games
PATH: /snap/bin
PATH: /home/cp983411/opt/afni
PATH: /home/cp983411/opt/julia-1.4.1/bin
PATH: /home/cp983411/brainvisa-5/bin


## ----------- ##
## Core tests. ##
## ----------- ##

configure:2324: checking for a BSD-compatible install
configure:2392: result: /usr/bin/install -c
configure:2403: checking whether build environment is sane
configure:2458: result: yes
configure:2607: checking for a thread-safe mkdir -p
configure:2646: result: /usr/bin/mkdir -p
configure:2653: checking for gawk
configure:2669: found /usr/bin/gawk
configure:2680: result: gawk
configure:2691: checking whether make sets $(MAKE)
configure:2713: result: yes
configure:2742: checking whether make supports nested variables
configure:2759: result: yes
configure:2914: checking build system type
configure:2928: result: x86_64-pc-linux-gnu
configure:2948: checking host system type
configure:2961: result: x86_64-pc-linux-gnu
configure:3002: checking how to print strings
configure:3029: result: printf
configure:3054: checking whether make supports the include directive
configure:3069: make -f confmf.GNU && cat confinc.out
this is the am__doit target
configure:3072: $? = 0
configure:3091: result: yes (GNU style)
configure:3161: checking for gcc
configure:3177: found /usr/bin/gcc
configure:3188: result: gcc
configure:3417: checking for C compiler version
configure:3426: gcc --version >&5
gcc (Ubuntu 9.4.0-1ubuntu1~20.04.1) 9.4.0
Copyright (C) 2019 Free Software Foundation, Inc.
This is free software; see the source for copying conditions.  There is NO
warranty; not even for MERCHANTABILITY or FITNESS FOR A PARTICULAR PURPOSE.

configure:3437: $? = 0
configure:3426: gcc -v >&5
Using built-in specs.
COLLECT_GCC=gcc
COLLECT_LTO_WRAPPER=/usr/lib/gcc/x86_64-linux-gnu/9/lto-wrapper
OFFLOAD_TARGET_NAMES=nvptx-none:hsa
OFFLOAD_TARGET_DEFAULT=1
Target: x86_64-linux-gnu
Configured with: ../src/configure -v --with-pkgversion='Ubuntu 9.4.0-1ubuntu1~20.04.1' --with-bugurl=file:///usr/share/doc/gcc-9/README.Bugs --enable-languages=c,ada,c++,go,brig,d,fortran,objc,obj-c++,gm2 --prefix=/usr --with-gcc-major-version-only --program-suffix=-9 --program-prefix=x86_64-linux-gnu- --enable-shared --enable-linker-build-id --libexecdir=/usr/lib --without-included-gettext --enable-threads=posix --libdir=/usr/lib --enable-nls --enable-clocale=gnu --enable-libstdcxx-debug --enable-libstdcxx-time=yes --with-default-libstdcxx-abi=new --enable-gnu-unique-object --disable-vtable-verify --enable-plugin --enable-default-pie --with-system-zlib --with-target-system-zlib=auto --enable-objc-gc=auto --enable-multiarch --disable-werror --with-arch-32=i686 --with-abi=m64 --with-multilib-list=m32,m64,mx32 --enable-multilib --with-tune=generic --enable-offload-targets=nvptx-none=/build/gcc-9-Av3uEd/gcc-9-9.4.0/debian/tmp-nvptx/usr,hsa --without-cuda-driver --enable-checking=release --build=x86_64-linux-gnu --host=x86_64-linux-gnu --target=x86_64-linux-gnu
Thread model: posix
gcc version 9.4.0 (Ubuntu 9.4.0-1ubuntu1~20.04.1) 
configure:3437: $? = 0
configure:3426: gcc -V >&5
gcc: error: unrecognized command line option '-V'
gcc: fatal error: no input files
compilation terminated.
configure:3437: $? = 1
configure:3426: gcc -qversion >&5
gcc: error: unrecognized command line option '-qversion'; did you mean '--version'?
gcc: fatal error: no input files
compilation terminated.
configure:3437: $? = 1
configure:3457: checking whether the C compiler works
configure:3479: gcc    conftest.c  >&5
configure:3483: $? = 0
configure:3531: result: yes
configure:3534: checking for C compiler default output file name
configure:3536: result: a.out
configure:3542: checking for suffix of executables
configure:3549: gcc -o conftest    conftest.c  >&5
configure:3553: $? = 0
configure:3575: result: 
configure:3597: checking whether we are cross compiling
configure:3605: gcc -o conftest    conftest.c  >&5
configure:3609: $? = 0
configure:3616: ./conftest
configure:3620: $? = 0
configure:3608: result: no
configure:3613: checking for suffix of object files
configure:3635: gcc -c   conftest.c >&5
configure:3639: $? = 0
configure:3660: result: o
configure:3664: checking whether we are using the GNU C compiler
configure:3683: gcc -c   conftest.c >&5
configure:3683: $? = 0
configure:3692: result: yes
configure:3701: checking whether gcc accepts -g
configure:3721: gcc -c -g  conftest.c >&5
configure:3721: $? = 0
configure:3762: result: yes
configure:3779: checking for gcc option to accept ISO C89
configure:3842: gcc  -c -g -O2  conftest.c >&5
configure:3842: $? = 0
configure:3855: result: none needed
configure:3880: checking whether gcc understands -c and -o together
configure:3902: gcc -c conftest.c -o conftest2.o
configure:3905: $? = 0
configure:3902: gcc -c conftest.c -o conftest2.o
configure:3905: $? = 0
configure:3917: result: yes
configure:3936: checking dependency style of gcc
configure:4047: result: gcc3
configure:4062: checking for a sed that does not truncate output
configure:4126: result: /usr/bin/sed
configure:4144: checking for grep that handles long lines and -e
configure:4202: result: /usr/bin/grep
configure:4207: checking for egrep
configure:4269: result: /usr/bin/grep -E
configure:4274: checking for fgrep
configure:4336: result: /usr/bin/grep -F
configure:4371: checking for ld used by gcc
configure:4438: result: /usr/bin/ld
configure:4445: checking if the linker (/usr/bin/ld) is GNU ld
configure:4460: result: yes
configure:4472: checking for BSD- or MS-compatible name lister (nm)
configure:4526: result: /usr/bin/nm -B
configure:4656: checking the name lister (/usr/bin/nm -B) interface
configure:4663: gcc -c -g -O2  conftest.c >&5
configure:4666: /usr/bin/nm -B "conftest.o"
configure:4669: output
0000000000000000 B some_variable
configure:4670: result: BSD nm
configure:4673: checking whether ln -s works
configure:4677: result: yes
configure:4685: checking the maximum length of command line arguments
configure:4816: result: 1572864
configure:4864: checking how to convert x86_64-pc-linux-gnu file names to x86_64-pc-linux-gnu format
configure:4904: result: func_convert_file_noop
configure:4911: checking how to convert x86_64-pc-linux-gnu file names to toolchain format
configure:4931: result: func_convert_file_noop
configure:4938: checking for /usr/bin/ld option to reload object files
configure:4945: result: -r
configure:5019: checking for objdump
configure:5035: found /usr/bin/objdump
configure:5046: result: objdump
configure:5078: checking how to recognize dependent libraries
configure:5278: result: pass_all
configure:5363: checking for dlltool
configure:5393: result: no
configure:5423: checking how to associate runtime and link libraries
configure:5450: result: printf %s\n
configure:5511: checking for ar
configure:5527: found /usr/bin/ar
configure:5538: result: ar
configure:5575: checking for archiver @FILE support
configure:5592: gcc -c -g -O2  conftest.c >&5
configure:5592: $? = 0
configure:5595: ar cru libconftest.a @conftest.lst >&5
ar: `u' modifier ignored since `D' is the default (see `U')
configure:5598: $? = 0
configure:5603: ar cru libconftest.a @conftest.lst >&5
ar: `u' modifier ignored since `D' is the default (see `U')
ar: conftest.o: No such file or directory
configure:5606: $? = 1
configure:5605: result: @
configure:5663: checking for strip
configure:5679: found /usr/bin/strip
configure:5690: result: strip
configure:5762: checking for ranlib
configure:5778: found /usr/bin/ranlib
configure:5789: result: ranlib
configure:5891: checking command to parse /usr/bin/nm -B output from gcc object
configure:6044: gcc -c -g -O2  conftest.c >&5
configure:6047: $? = 0
configure:6051: /usr/bin/nm -B conftest.o \| sed -n -e 's/^.*[ ]\([ABCDGIRSTW][ABCDGIRSTW]*\)[ ][ ]*\([_A-Za-z][_A-Za-z0-9]*\)$/\1 \2 \2/p' | sed '/ __gnu_lto/d' \> conftest.nm
configure:6054: $? = 0
configure:6120: gcc -o conftest -g -O2   conftest.c conftstm.o >&5
configure:6123: $? = 0
configure:6161: result: ok
configure:6208: checking for sysroot
configure:6238: result: no
configure:6245: checking for a working dd
configure:6283: result: /usr/bin/dd
configure:6287: checking how to truncate binary pipes
configure:6302: result: /usr/bin/dd bs=4096 count=1
configure:6438: gcc -c -g -O2  conftest.c >&5
configure:6441: $? = 0
configure:6631: checking for mt
configure:6647: found /usr/bin/mt
configure:6658: result: mt
configure:6681: checking if mt is a manifest tool
configure:6687: mt '-?'
configure:6695: result: no
configure:7372: checking how to run the C preprocessor
configure:7403: gcc -E  conftest.c
configure:7403: $? = 0
configure:7417: gcc -E  conftest.c
conftest.c:11:10: fatal error: ac_nonexistent.h: No such file or directory
   11 | #include <ac_nonexistent.h>
      |          ^~~~~~~~~~~~~~~~~~
compilation terminated.
configure:7417: $? = 1
configure: failed program was:
| /* confdefs.h */
| #define PACKAGE_NAME "libpsychexpe"
| #define PACKAGE_TARNAME "libpsychexpe"
| #define PACKAGE_VERSION "0.0.1"
| #define PACKAGE_STRING "libpsychexpe 0.0.1"
| #define PACKAGE_BUGREPORT "christophe@pallier.org"
| #define PACKAGE_URL ""
| #define PACKAGE "libpsychexpe"
| #define VERSION "0.0.1"
| /* end confdefs.h.  */
| #include <ac_nonexistent.h>
configure:7442: result: gcc -E
configure:7462: gcc -E  conftest.c
configure:7462: $? = 0
configure:7476: gcc -E  conftest.c
conftest.c:11:10: fatal error: ac_nonexistent.h: No such file or directory
   11 | #include <ac_nonexistent.h>
      |          ^~~~~~~~~~~~~~~~~~
compilation terminated.
configure:7476: $? = 1
configure: failed program was:
| /* confdefs.h */
| #define PACKAGE_NAME "libpsychexpe"
| #define PACKAGE_TARNAME "libpsychexpe"
| #define PACKAGE_VERSION "0.0.1"
| #define PACKAGE_STRING "libpsychexpe 0.0.1"
| #define PACKAGE_BUGREPORT "christophe@pallier.org"
| #define PACKAGE_URL ""
| #define PACKAGE "libpsychexpe"
| #define VERSION "0.0.1"
| /* end confdefs.h.  */
| #include <ac_nonexistent.h>
configure:7505: checking for ANSI C header files
configure:7525: gcc -c -g -O2  conftest.c >&5
configure:7525: $? = 0
configure:7598: gcc -o conftest -g -O2   conftest.c  >&5
configure:7598: $? = 0
configure:7598: ./conftest
configure:7598: $? = 0
configure:7609: result: yes
configure:7622: checking for sys/types.h
configure:7622: gcc -c -g -O2  conftest.c >&5
configure:7622: $? = 0
configure:7622: result: yes
configure:7622: checking for sys/stat.h
configure:7622: gcc -c -g -O2  conftest.c >&5
configure:7622: $? = 0
configure:7622: result: yes
configure:7622: checking for stdlib.h
configure:7622: gcc -c -g -O2  conftest.c >&5
configure:7622: $? = 0
configure:7622: result: yes
configure:7622: checking for string.h
configure:7622: gcc -c -g -O2  conftest.c >&5
configure:7622: $? = 0
configure:7622: result: yes
configure:7622: checking for memory.h
configure:7622: gcc -c -g -O2  conftest.c >&5
configure:7622: $? = 0
configure:7622: result: yes
configure:7622: checking for strings.h
configure:7622: gcc -c -g -O2  conftest.c >&5
configure:7622: $? = 0
configure:7622: result: yes
configure:7622: checking for inttypes.h
configure:7622: gcc -c -g -O2  conftest.c >&5
configure:7622: $? = 0
configure:7622: result: yes
configure:7622: checking for stdint.h
configure:7622: gcc -c -g -O2  conftest.c >&5
configure:7622: $? = 0
configure:7622: result: yes
configure:7622: checking for unistd.h
configure:7622: gcc -c -g -O2  conftest.c >&5
configure:7622: $? = 0
configure:7622: result: yes
configure:7636: checking for dlfcn.h
configure:7636: gcc -c -g -O2  conftest.c >&5
configure:7636: $? = 0
configure:7636: result: yes
configure:7892: checking for objdir
configure:7907: result: .libs
configure:8171: checking if gcc supports -fno-rtti -fno-exceptions
configure:8189: gcc -c -g -O2  -fno-rtti -fno-exceptions conftest.c >&5
cc1: warning: command line option '-fno-rtti' is valid for C++/D/ObjC++ but not for C
configure:8193: $? = 0
configure:8206: result: no
configure:8564: checking for gcc option to produce PIC
configure:8571: result: -fPIC -DPIC
configure:8579: checking if gcc PIC flag -fPIC -DPIC works
configure:8597: gcc -c -g -O2  -fPIC -DPIC -DPIC conftest.c >&5
configure:8601: $? = 0
configure:8614: result: yes
configure:8643: checking if gcc static flag -static works
configure:8671: result: yes
configure:8686: checking if gcc supports -c -o file.o
configure:8707: gcc -c -g -O2  -o out/conftest2.o conftest.c >&5
configure:8711: $? = 0
configure:8733: result: yes
configure:8741: checking if gcc supports -c -o file.o
configure:8788: result: yes
configure:8821: checking whether the gcc linker (/usr/bin/ld -m elf_x86_64) supports shared libraries
configure:10080: result: yes
configure:10117: checking whether -lc should be explicitly linked in
configure:10125: gcc -c -g -O2  conftest.c >&5
configure:10128: $? = 0
configure:10143: gcc -shared  -fPIC -DPIC conftest.o  -v -Wl,-soname -Wl,conftest -o conftest 2\>\&1 \| /usr/bin/grep  -lc  \>/dev/null 2\>\&1
configure:10146: $? = 0
configure:10160: result: no
configure:10320: checking dynamic linker characteristics
configure:10901: gcc -o conftest -g -O2   -Wl,-rpath -Wl,/foo conftest.c  >&5
configure:10901: $? = 0
configure:11138: result: GNU/Linux ld.so
configure:11260: checking how to hardcode library paths into programs
configure:11285: result: immediate
configure:11833: checking whether stripping libraries is possible
configure:11838: result: yes
configure:11873: checking if libtool supports shared libraries
configure:11875: result: yes
configure:11878: checking whether to build shared libraries
configure:11903: result: yes
configure:11906: checking whether to build static libraries
configure:11910: result: yes
configure:8789: checking for gcc
configure:8816: result: gcc
configure:9045: checking for C compiler version
configure:9054: gcc --version >&5
gcc (Ubuntu 9.4.0-1ubuntu1~20.04.1) 9.4.0
Copyright (C) 2019 Free Software Foundation, Inc.
This is free software; see the source for copying conditions.  There is NO
warranty; not even for MERCHANTABILITY or FITNESS FOR A PARTICULAR PURPOSE.

configure:9065: $? = 0
configure:9054: gcc -v >&5
Using built-in specs.
COLLECT_GCC=gcc
COLLECT_LTO_WRAPPER=/usr/lib/gcc/x86_64-linux-gnu/9/lto-wrapper
OFFLOAD_TARGET_NAMES=nvptx-none:hsa
OFFLOAD_TARGET_DEFAULT=1
Target: x86_64-linux-gnu
Configured with: ../src/configure -v --with-pkgversion='Ubuntu 9.4.0-1ubuntu1~20.04.1' --with-bugurl=file:///usr/share/doc/gcc-9/README.Bugs --enable-languages=c,ada,c++,go,brig,d,fortran,objc,obj-c++,gm2 --prefix=/usr --with-gcc-major-version-only --program-suffix=-9 --program-prefix=x86_64-linux-gnu- --enable-shared --enable-linker-build-id --libexecdir=/usr/lib --without-included-gettext --enable-threads=posix --libdir=/usr/lib --enable-nls --enable-clocale=gnu --enable-libstdcxx-debug --enable-libstdcxx-time=yes --with-default-libstdcxx-abi=new --enable-gnu-unique-object --disable-vtable-verify --enable-plugin --enable-default-pie --with-system-zlib --with-target-system-zlib=auto --enable-objc-gc=auto --enable-multiarch --disable-werror --with-arch-32=i686 --with-abi=m64 --with-multilib-list=m32,m64,mx32 --enable-multilib --with-tune=generic --enable-offload-targets=nvptx-none=/build/gcc-9-Av3uEd/gcc-9-9.4.0/debian/tmp-nvptx/usr,hsa --without-cuda-driver --enable-checking=release --build=x86_64-linux-gnu --host=x86_64-linux-gnu --target=x86_64-linux-gnu
Thread model: posix
gcc version 9.4.0 (Ubuntu 9.4.0-1ubuntu1~20.04.1) 
configure:9065: $? = 0
configure:9054: gcc -V >&5
gcc: error: unrecognized command line option '-V'
gcc: fatal error: no input files
compilation terminated.
configure:9065: $? = 1
configure:9054: gcc -qversion >&5
gcc: error: unrecognized command line option '-qversion'; did you mean '--version'?
gcc: fatal error: no input files
compilation terminated.
configure:9065: $? = 1
configure:9069: checking whether we are using the GNU C compiler
configure:9097: result: yes
configure:9106: checking whether gcc accepts -g
configure:9167: result: yes
configure:9184: checking for gcc option to accept ISO C89
configure:9260: result: none needed
configure:9285: checking whether gcc understands -c and -o together
configure:9322: result: yes
configure:9341: checking dependency style of gcc
configure:9452: result: gcc3
configure:9469: checking for SDL_Delay in -lSDL2
configure:9494: gcc -o conftest -g -O2   conftest.c -lSDL2   >&5
configure:9494: $? = 0
configure:9503: result: yes
configure:9514: checking for update_window in -lpsychexp
configure:9539: gcc -o conftest -g -O2   conftest.c -lpsychexp  -lSDL2  >&5
configure:9539: $? = 0
configure:9548: result: yes
configure:9563: checking for stdlib.h
configure:9563: result: yes
configure:9575: checking for uint8_t
configure:9575: gcc -c -g -O2  conftest.c >&5
configure:9575: $? = 0
configure:9575: result: yes
configure:9695: checking that generated files are newer than configure
configure:9701: result: done
configure:9728: creating ./config.status

## ---------------------- ##
## Running config.status. ##
## ---------------------- ##

This file was extended by libpsychexpe config.status 0.0.1, which was
generated by GNU Autoconf 2.69.  Invocation command line was

  CONFIG_FILES    = 
  CONFIG_HEADERS  = 
  CONFIG_LINKS    = 
  CONFIG_COMMANDS = 
  $ ./config.status 

on is154920

config.status:1084: creating Makefile
config.status:1084: creating lib/Makefile
config.status:1084: creating config.h
config.status:1313: executing depfiles commands
config.status:1390: cd lib       && sed -e '/# am--include-marker/d' Makefile         | make -f - am--depfiles
make: Nothing to be done for 'am--depfiles'.
config.status:1395: $? = 0
config.status:1313: executing libtool commands

## ---------------- ##
## Cache variables. ##
## ---------------- ##

ac_cv_build=x86_64-pc-linux-gnu
ac_cv_c_compiler_gnu=yes
ac_cv_c_uint8_t=yes
ac_cv_env_CC_set=
ac_cv_env_CC_value=
ac_cv_env_CFLAGS_set=
ac_cv_env_CFLAGS_value=
ac_cv_env_CPPFLAGS_set=
ac_cv_env_CPPFLAGS_value=
ac_cv_env_CPP_set=
ac_cv_env_CPP_value=
ac_cv_env_LDFLAGS_set=
ac_cv_env_LDFLAGS_value=
ac_cv_env_LIBS_set=
ac_cv_env_LIBS_value=
ac_cv_env_LT_SYS_LIBRARY_PATH_set=
ac_cv_env_LT_SYS_LIBRARY_PATH_value=
ac_cv_env_build_alias_set=
ac_cv_env_build_alias_value=
ac_cv_env_host_alias_set=
ac_cv_env_host_alias_value=
ac_cv_env_target_alias_set=
ac_cv_env_target_alias_value=
ac_cv_header_dlfcn_h=yes
ac_cv_header_inttypes_h=yes
ac_cv_header_memory_h=yes
ac_cv_header_stdc=yes
ac_cv_header_stdint_h=yes
ac_cv_header_stdlib_h=yes
ac_cv_header_string_h=yes
ac_cv_header_strings_h=yes
ac_cv_header_sys_stat_h=yes
ac_cv_header_sys_types_h=yes
ac_cv_header_unistd_h=yes
ac_cv_host=x86_64-pc-linux-gnu
ac_cv_lib_SDL2_SDL_Delay=yes
ac_cv_lib_psychexp_update_window=yes
ac_cv_objext=o
ac_cv_path_EGREP='/usr/bin/grep -E'
ac_cv_path_FGREP='/usr/bin/grep -F'
ac_cv_path_GREP=/usr/bin/grep
ac_cv_path_SED=/usr/bin/sed
ac_cv_path_install='/usr/bin/install -c'
ac_cv_path_lt_DD=/usr/bin/dd
ac_cv_path_mkdir=/usr/bin/mkdir
ac_cv_prog_AWK=gawk
ac_cv_prog_CPP='gcc -E'
ac_cv_prog_ac_ct_AR=ar
ac_cv_prog_ac_ct_CC=gcc
ac_cv_prog_ac_ct_MANIFEST_TOOL=mt
ac_cv_prog_ac_ct_OBJDUMP=objdump
ac_cv_prog_ac_ct_RANLIB=ranlib
ac_cv_prog_ac_ct_STRIP=strip
ac_cv_prog_cc_c89=
ac_cv_prog_cc_g=yes
ac_cv_prog_make_make_set=yes
am_cv_CC_dependencies_compiler_type=gcc3
am_cv_make_support_nested_variables=yes
am_cv_prog_cc_c_o=yes
lt_cv_ar_at_file=@
lt_cv_archive_cmds_need_lc=no
lt_cv_deplibs_check_method=pass_all
lt_cv_file_magic_cmd='$MAGIC_CMD'
lt_cv_file_magic_test_file=
lt_cv_ld_reload_flag=-r
lt_cv_nm_interface='BSD nm'
lt_cv_objdir=.libs
lt_cv_path_LD=/usr/bin/ld
lt_cv_path_NM='/usr/bin/nm -B'
lt_cv_path_mainfest_tool=no
lt_cv_prog_compiler_c_o=yes
lt_cv_prog_compiler_pic='-fPIC -DPIC'
lt_cv_prog_compiler_pic_works=yes
lt_cv_prog_compiler_rtti_exceptions=no
lt_cv_prog_compiler_static_works=yes
lt_cv_prog_gnu_ld=yes
lt_cv_sharedlib_from_linklib_cmd='printf %s\n'
lt_cv_shlibpath_overrides_runpath=yes
lt_cv_sys_global_symbol_pipe='sed -n -e '\''s/^.*[	 ]\([ABCDGIRSTW][ABCDGIRSTW]*\)[	 ][	 ]*\([_A-Za-z][_A-Za-z0-9]*\)$/\1 \2 \2/p'\'' | sed '\''/ __gnu_lto/d'\'''
lt_cv_sys_global_symbol_to_c_name_address='sed -n -e '\''s/^: \(.*\) .*$/  {"\1", (void *) 0},/p'\'' -e '\''s/^[ABCDGIRSTW][ABCDGIRSTW]* .* \(.*\)$/  {"\1", (void *) \&\1},/p'\'''
lt_cv_sys_global_symbol_to_c_name_address_lib_prefix='sed -n -e '\''s/^: \(.*\) .*$/  {"\1", (void *) 0},/p'\'' -e '\''s/^[ABCDGIRSTW][ABCDGIRSTW]* .* \(lib.*\)$/  {"\1", (void *) \&\1},/p'\'' -e '\''s/^[ABCDGIRSTW][ABCDGIRSTW]* .* \(.*\)$/  {"lib\1", (void *) \&\1},/p'\'''
lt_cv_sys_global_symbol_to_cdecl='sed -n -e '\''s/^T .* \(.*\)$/extern int \1();/p'\'' -e '\''s/^[ABCDGIRSTW][ABCDGIRSTW]* .* \(.*\)$/extern char \1;/p'\'''
lt_cv_sys_global_symbol_to_import=
lt_cv_sys_max_cmd_len=1572864
lt_cv_to_host_file_cmd=func_convert_file_noop
lt_cv_to_tool_file_cmd=func_convert_file_noop
lt_cv_truncate_bin='/usr/bin/dd bs=4096 count=1'

## ----------------- ##
## Output variables. ##
## ----------------- ##

ACLOCAL='${SHELL} /home/cp983411/00_git/expe_c/psychexp/missing aclocal-1.16'
AMDEPBACKSLASH='\'
AMDEP_FALSE='#'
AMDEP_TRUE=''
AMTAR='$${TAR-tar}'
AM_BACKSLASH='\'
AM_DEFAULT_V='$(AM_DEFAULT_VERBOSITY)'
AM_DEFAULT_VERBOSITY='1'
AM_V='$(V)'
AR='ar'
AUTOCONF='${SHELL} /home/cp983411/00_git/expe_c/psychexp/missing autoconf'
AUTOHEADER='${SHELL} /home/cp983411/00_git/expe_c/psychexp/missing autoheader'
AUTOMAKE='${SHELL} /home/cp983411/00_git/expe_c/psychexp/missing automake-1.16'
AWK='gawk'
CC='gcc'
CCDEPMODE='depmode=gcc3'
CFLAGS='-g -O2'
CPP='gcc -E'
CPPFLAGS=''
CYGPATH_W='echo'
DEFS='-DHAVE_CONFIG_H'
DEPDIR='.deps'
DLLTOOL='false'
DSYMUTIL=''
DUMPBIN=''
ECHO_C=''
ECHO_N='-n'
ECHO_T=''
EGREP='/usr/bin/grep -E'
EXEEXT=''
FGREP='/usr/bin/grep -F'
GREP='/usr/bin/grep'
INSTALL_DATA='${INSTALL} -m 644'
INSTALL_PROGRAM='${INSTALL}'
INSTALL_SCRIPT='${INSTALL}'
INSTALL_STRIP_PROGRAM='$(install_sh) -c -s'
LD='/usr/bin/ld -m elf_x86_64'
LDFLAGS=''
LIBOBJS=''
LIBS='-lpsychexp -lSDL2 '
LIBTOOL='$(SHELL) $(top_builddir)/libtool'
LIPO=''
LN_S='ln -s'
LTLIBOBJS=''
LT_SYS_LIBRARY_PATH=''
MAKEINFO='${SHELL} /home/cp983411/00_git/expe_c/psychexp/missing makeinfo'
MANIFEST_TOOL=':'
MKDIR_P='/usr/bin/mkdir -p'
NM='/usr/bin/nm -B'
NMEDIT=''
OBJDUMP='objdump'
OBJEXT='o'
OTOOL64=''
OTOOL=''
PACKAGE='libpsychexpe'
PACKAGE_BUGREPORT='christophe@pallier.org'
PACKAGE_NAME='libpsychexpe'
PACKAGE_STRING='libpsychexpe 0.0.1'
PACKAGE_TARNAME='libpsychexpe'
PACKAGE_URL=''
PACKAGE_VERSION='0.0.1'
PATH_SEPARATOR=':'
RANLIB='ranlib'
SED='/usr/bin/sed'
SET_MAKE=''
SHELL='/bin/bash'
STRIP='strip'
VERSION='0.0.1'
ac_ct_AR='ar'
ac_ct_CC='gcc'
ac_ct_DUMPBIN=''
am__EXEEXT_FALSE=''
am__EXEEXT_TRUE='#'
am__fastdepCC_FALSE='#'
am__fastdepCC_TRUE=''
am__include='include'
am__isrc=''
am__leading_dot='.'
am__nodep='_no'
am__quote=''
am__tar='$${TAR-tar} chof - "$$tardir"'
am__untar='$${TAR-tar} xf -'
bindir='${exec_prefix}/bin'
build='x86_64-pc-linux-gnu'
build_alias=''
build_cpu='x86_64'
build_os='linux-gnu'
build_vendor='pc'
datadir='${datarootdir}'
datarootdir='${prefix}/share'
docdir='${datarootdir}/doc/${PACKAGE_TARNAME}'
dvidir='${docdir}'
exec_prefix='${prefix}'
host='x86_64-pc-linux-gnu'
host_alias=''
host_cpu='x86_64'
host_os='linux-gnu'
host_vendor='pc'
htmldir='${docdir}'
includedir='${prefix}/include'
infodir='${datarootdir}/info'
install_sh='${SHELL} /home/cp983411/00_git/expe_c/psychexp/install-sh'
libdir='${exec_prefix}/lib'
libexecdir='${exec_prefix}/libexec'
localedir='${datarootdir}/locale'
localstatedir='${prefix}/var'
mandir='${datarootdir}/man'
mkdir_p='$(MKDIR_P)'
oldincludedir='/usr/include'
pdfdir='${docdir}'
prefix='/usr/local'
program_transform_name='s,x,x,'
psdir='${docdir}'
runstatedir='${localstatedir}/run'
sbindir='${exec_prefix}/sbin'
sharedstatedir='${prefix}/com'
sysconfdir='${prefix}/etc'
target_alias=''

## ----------- ##
## confdefs.h. ##
## ----------- ##

/* confdefs.h */
#define PACKAGE_NAME "libpsychexpe"
#define PACKAGE_TARNAME "libpsychexpe"
#define PACKAGE_VERSION "0.0.1"
#define PACKAGE_STRING "libpsychexpe 0.0.1"
#define PACKAGE_BUGREPORT "christophe@pallier.org"
#define PACKAGE_URL ""
#define PACKAGE "libpsychexpe"
#define VERSION "0.0.1"
#define STDC_HEADERS 1
#define HAVE_SYS_TYPES_H 1
#define HAVE_SYS_STAT_H 1
#define HAVE_STDLIB_H 1
#define HAVE_STRING_H 1
#define HAVE_MEMORY_H 1
#define HAVE_STRINGS_H 1
#define HAVE_INTTYPES_H 1
#define HAVE_STDINT_H 1
#define HAVE_UNISTD_H 1
#define HAVE_DLFCN_H 1
#define LT_OBJDIR ".libs/"
#define HAVE_LIBSDL2 1
#define HAVE_LIBPSYCHEXP 1
#define HAVE_STDLIB_H 1

configure: exit 0
