This file contains any messages produced by compilers while
running configure, to aid debugging if configure makes a mistake.

It was created by check_audio_visual_timing configure 0.0.1, which was
generated by GNU Autoconf 2.69.  Invocation command line was

  $ ./configure 

## --------- ##
## Platform. ##
## --------- ##

hostname = is154920
uname -m = x86_64
uname -r = 5.13.0-41-lowlatency
uname -s = Linux
uname -v = #46~20.04.1-Ubuntu SMP PREEMPT Wed Apr 20 14:13:08 UTC 2022

/usr/bin/uname -p = x86_64
/bin/uname -X     = unknown

/bin/arch              = x86_64
/usr/bin/arch -k       = unknown
/usr/convex/getsysinfo = unknown
/usr/bin/hostinfo      = unknown
/bin/machine           = unknown
/usr/bin/oslevel       = unknown
/bin/universe          = unknown

PATH: /home/cp983411/anaconda3/bin
PATH: /home/cp983411/anaconda3/condabin
PATH: /home/cp983411/.nvm/versions/node/v12.17.0/bin
PATH: /home/cp983411/.cargo/bin
PATH: /home/cp983411/.opam/4.11.1/bin
PATH: /home/cp983411/opt/freesurfer/bin
PATH: /home/cp983411/opt/freesurfer/fsfast/bin
PATH: /home/cp983411/opt/freesurfer/tktools
PATH: /home/cp983411/opt/fsl/bin
PATH: /home/cp983411/opt/freesurfer/mni/bin
PATH: /home/cp983411/opt/fsl/bin
PATH: /home/cp983411/.local/bin
PATH: /home/cp983411/bin
PATH: /usr/local/sbin
PATH: /usr/local/bin
PATH: /usr/sbin
PATH: /usr/bin
PATH: /sbin
PATH: /bin
PATH: /usr/games
PATH: /usr/local/games
PATH: /snap/bin
PATH: /home/cp983411/opt/afni
PATH: /home/cp983411/opt/julia-1.4.1/bin
PATH: /home/cp983411/brainvisa-5/bin


## ----------- ##
## Core tests. ##
## ----------- ##

configure:2133: checking for a BSD-compatible install
configure:2201: result: /usr/bin/install -c
configure:2212: checking whether build environment is sane
configure:2267: result: yes
configure:2416: checking for a thread-safe mkdir -p
configure:2455: result: /usr/bin/mkdir -p
configure:2462: checking for gawk
configure:2478: found /usr/bin/gawk
configure:2489: result: gawk
configure:2500: checking whether make sets $(MAKE)
configure:2522: result: yes
configure:2551: checking whether make supports nested variables
configure:2568: result: yes
configure:2744: checking for gcc
configure:2760: found /usr/bin/gcc
configure:2771: result: gcc
configure:3000: checking for C compiler version
configure:3009: gcc --version >&5
gcc (Ubuntu 9.4.0-1ubuntu1~20.04.1) 9.4.0
Copyright (C) 2019 Free Software Foundation, Inc.
This is free software; see the source for copying conditions.  There is NO
warranty; not even for MERCHANTABILITY or FITNESS FOR A PARTICULAR PURPOSE.

configure:3020: $? = 0
configure:3009: gcc -v >&5
Using built-in specs.
COLLECT_GCC=gcc
COLLECT_LTO_WRAPPER=/usr/lib/gcc/x86_64-linux-gnu/9/lto-wrapper
OFFLOAD_TARGET_NAMES=nvptx-none:hsa
OFFLOAD_TARGET_DEFAULT=1
Target: x86_64-linux-gnu
Configured with: ../src/configure -v --with-pkgversion='Ubuntu 9.4.0-1ubuntu1~20.04.1' --with-bugurl=file:///usr/share/doc/gcc-9/README.Bugs --enable-languages=c,ada,c++,go,brig,d,fortran,objc,obj-c++,gm2 --prefix=/usr --with-gcc-major-version-only --program-suffix=-9 --program-prefix=x86_64-linux-gnu- --enable-shared --enable-linker-build-id --libexecdir=/usr/lib --without-included-gettext --enable-threads=posix --libdir=/usr/lib --enable-nls --enable-clocale=gnu --enable-libstdcxx-debug --enable-libstdcxx-time=yes --with-default-libstdcxx-abi=new --enable-gnu-unique-object --disable-vtable-verify --enable-plugin --enable-default-pie --with-system-zlib --with-target-system-zlib=auto --enable-objc-gc=auto --enable-multiarch --disable-werror --with-arch-32=i686 --with-abi=m64 --with-multilib-list=m32,m64,mx32 --enable-multilib --with-tune=generic --enable-offload-targets=nvptx-none=/build/gcc-9-Av3uEd/gcc-9-9.4.0/debian/tmp-nvptx/usr,hsa --without-cuda-driver --enable-checking=release --build=x86_64-linux-gnu --host=x86_64-linux-gnu --target=x86_64-linux-gnu
Thread model: posix
gcc version 9.4.0 (Ubuntu 9.4.0-1ubuntu1~20.04.1) 
configure:3020: $? = 0
configure:3009: gcc -V >&5
gcc: error: unrecognized command line option '-V'
gcc: fatal error: no input files
compilation terminated.
configure:3020: $? = 1
configure:3009: gcc -qversion >&5
gcc: error: unrecognized command line option '-qversion'; did you mean '--version'?
gcc: fatal error: no input files
compilation terminated.
configure:3020: $? = 1
configure:3040: checking whether the C compiler works
configure:3062: gcc    conftest.c  >&5
configure:3066: $? = 0
configure:3114: result: yes
configure:3117: checking for C compiler default output file name
configure:3119: result: a.out
configure:3125: checking for suffix of executables
configure:3132: gcc -o conftest    conftest.c  >&5
configure:3136: $? = 0
configure:3158: result: 
configure:3180: checking whether we are cross compiling
configure:3188: gcc -o conftest    conftest.c  >&5
configure:3192: $? = 0
configure:3199: ./conftest
configure:3203: $? = 0
configure:3191: result: no
configure:3196: checking for suffix of object files
configure:3218: gcc -c   conftest.c >&5
configure:3222: $? = 0
configure:3243: result: o
configure:3247: checking whether we are using the GNU C compiler
configure:3266: gcc -c   conftest.c >&5
configure:3266: $? = 0
configure:3275: result: yes
configure:3284: checking whether gcc accepts -g
configure:3304: gcc -c -g  conftest.c >&5
configure:3304: $? = 0
configure:3345: result: yes
configure:3362: checking for gcc option to accept ISO C89
configure:3425: gcc  -c -g -O2  conftest.c >&5
configure:3425: $? = 0
configure:3438: result: none needed
configure:3463: checking whether gcc understands -c and -o together
configure:3485: gcc -c conftest.c -o conftest2.o
configure:3488: $? = 0
configure:3485: gcc -c conftest.c -o conftest2.o
configure:3488: $? = 0
configure:3500: result: yes
configure:3520: checking whether make supports the include directive
configure:3535: make -f confmf.GNU && cat confinc.out
this is the am__doit target
configure:3538: $? = 0
configure:3557: result: yes (GNU style)
configure:3582: checking dependency style of gcc
configure:3693: result: gcc3
configure:3712: checking for SDL_Delay in -lSDL2
configure:3737: gcc -o conftest -g -O2   conftest.c -lSDL2   >&5
configure:3737: $? = 0
configure:3746: result: yes
configure:3758: checking for create_window in -lpsychexp
configure:3783: gcc -o conftest -g -O2   conftest.c -lpsychexp  -lSDL2  >&5
configure:3783: $? = 0
configure:3792: result: yes
configure:3810: checking how to run the C preprocessor
configure:3841: gcc -E  conftest.c
configure:3841: $? = 0
configure:3855: gcc -E  conftest.c
conftest.c:13:10: fatal error: ac_nonexistent.h: No such file or directory
   13 | #include <ac_nonexistent.h>
      |          ^~~~~~~~~~~~~~~~~~
compilation terminated.
configure:3855: $? = 1
configure: failed program was:
| /* confdefs.h */
| #define PACKAGE_NAME "check_audio_visual_timing"
| #define PACKAGE_TARNAME "check_audio_visual_timing"
| #define PACKAGE_VERSION "0.0.1"
| #define PACKAGE_STRING "check_audio_visual_timing 0.0.1"
| #define PACKAGE_BUGREPORT "christophe@pallier.org"
| #define PACKAGE_URL ""
| #define PACKAGE "check_audio_visual_timing"
| #define VERSION "0.0.1"
| #define HAVE_LIBSDL2 1
| #define HAVE_LIBPSYCHEXP 1
| /* end confdefs.h.  */
| #include <ac_nonexistent.h>
configure:3880: result: gcc -E
configure:3900: gcc -E  conftest.c
configure:3900: $? = 0
configure:3914: gcc -E  conftest.c
conftest.c:13:10: fatal error: ac_nonexistent.h: No such file or directory
   13 | #include <ac_nonexistent.h>
      |          ^~~~~~~~~~~~~~~~~~
compilation terminated.
configure:3914: $? = 1
configure: failed program was:
| /* confdefs.h */
| #define PACKAGE_NAME "check_audio_visual_timing"
| #define PACKAGE_TARNAME "check_audio_visual_timing"
| #define PACKAGE_VERSION "0.0.1"
| #define PACKAGE_STRING "check_audio_visual_timing 0.0.1"
| #define PACKAGE_BUGREPORT "christophe@pallier.org"
| #define PACKAGE_URL ""
| #define PACKAGE "check_audio_visual_timing"
| #define VERSION "0.0.1"
| #define HAVE_LIBSDL2 1
| #define HAVE_LIBPSYCHEXP 1
| /* end confdefs.h.  */
| #include <ac_nonexistent.h>
configure:3943: checking for grep that handles long lines and -e
configure:4001: result: /usr/bin/grep
configure:4006: checking for egrep
configure:4068: result: /usr/bin/grep -E
configure:4073: checking for ANSI C header files
configure:4093: gcc -c -g -O2  conftest.c >&5
configure:4093: $? = 0
configure:4166: gcc -o conftest -g -O2   conftest.c -lpsychexp -lSDL2  >&5
configure:4166: $? = 0
configure:4166: ./conftest
configure:4166: $? = 0
configure:4177: result: yes
configure:4190: checking for sys/types.h
configure:4190: gcc -c -g -O2  conftest.c >&5
configure:4190: $? = 0
configure:4190: result: yes
configure:4190: checking for sys/stat.h
configure:4190: gcc -c -g -O2  conftest.c >&5
configure:4190: $? = 0
configure:4190: result: yes
configure:4190: checking for stdlib.h
configure:4190: gcc -c -g -O2  conftest.c >&5
configure:4190: $? = 0
configure:4190: result: yes
configure:4190: checking for string.h
configure:4190: gcc -c -g -O2  conftest.c >&5
configure:4190: $? = 0
configure:4190: result: yes
configure:4190: checking for memory.h
configure:4190: gcc -c -g -O2  conftest.c >&5
configure:4190: $? = 0
configure:4190: result: yes
configure:4190: checking for strings.h
configure:4190: gcc -c -g -O2  conftest.c >&5
configure:4190: $? = 0
configure:4190: result: yes
configure:4190: checking for inttypes.h
configure:4190: gcc -c -g -O2  conftest.c >&5
configure:4190: $? = 0
configure:4190: result: yes
configure:4190: checking for stdint.h
configure:4190: gcc -c -g -O2  conftest.c >&5
configure:4190: $? = 0
configure:4190: result: yes
configure:4190: checking for unistd.h
configure:4190: gcc -c -g -O2  conftest.c >&5
configure:4190: $? = 0
configure:4190: result: yes
configure:4204: checking for stdlib.h
configure:4204: result: yes
configure:4322: checking that generated files are newer than configure
configure:4328: result: done
configure:4351: creating ./config.status

## ---------------------- ##
## Running config.status. ##
## ---------------------- ##

This file was extended by check_audio_visual_timing config.status 0.0.1, which was
generated by GNU Autoconf 2.69.  Invocation command line was

  CONFIG_FILES    = 
  CONFIG_HEADERS  = 
  CONFIG_LINKS    = 
  CONFIG_COMMANDS = 
  $ ./config.status 

on is154920

config.status:852: creating Makefile
config.status:852: creating config.h
config.status:1033: config.h is unchanged
config.status:1081: executing depfiles commands
config.status:1158: cd .       && sed -e '/# am--include-marker/d' Makefile         | make -f - am--depfiles
make: Nothing to be done for 'am--depfiles'.
config.status:1163: $? = 0

## ---------------- ##
## Cache variables. ##
## ---------------- ##

ac_cv_c_compiler_gnu=yes
ac_cv_env_CC_set=
ac_cv_env_CC_value=
ac_cv_env_CFLAGS_set=
ac_cv_env_CFLAGS_value=
ac_cv_env_CPPFLAGS_set=
ac_cv_env_CPPFLAGS_value=
ac_cv_env_CPP_set=
ac_cv_env_CPP_value=
ac_cv_env_LDFLAGS_set=
ac_cv_env_LDFLAGS_value=
ac_cv_env_LIBS_set=
ac_cv_env_LIBS_value=
ac_cv_env_build_alias_set=
ac_cv_env_build_alias_value=
ac_cv_env_host_alias_set=
ac_cv_env_host_alias_value=
ac_cv_env_target_alias_set=
ac_cv_env_target_alias_value=
ac_cv_header_inttypes_h=yes
ac_cv_header_memory_h=yes
ac_cv_header_stdc=yes
ac_cv_header_stdint_h=yes
ac_cv_header_stdlib_h=yes
ac_cv_header_string_h=yes
ac_cv_header_strings_h=yes
ac_cv_header_sys_stat_h=yes
ac_cv_header_sys_types_h=yes
ac_cv_header_unistd_h=yes
ac_cv_lib_SDL2_SDL_Delay=yes
ac_cv_lib_psychexp_create_window=yes
ac_cv_objext=o
ac_cv_path_EGREP='/usr/bin/grep -E'
ac_cv_path_GREP=/usr/bin/grep
ac_cv_path_install='/usr/bin/install -c'
ac_cv_path_mkdir=/usr/bin/mkdir
ac_cv_prog_AWK=gawk
ac_cv_prog_CPP='gcc -E'
ac_cv_prog_ac_ct_CC=gcc
ac_cv_prog_cc_c89=
ac_cv_prog_cc_g=yes
ac_cv_prog_make_make_set=yes
am_cv_CC_dependencies_compiler_type=gcc3
am_cv_make_support_nested_variables=yes
am_cv_prog_cc_c_o=yes

## ----------------- ##
## Output variables. ##
## ----------------- ##

ACLOCAL='${SHELL} /home/cp983411/00_git/expe_c/check_audio_visual_timing/missing aclocal-1.16'
AMDEPBACKSLASH='\'
AMDEP_FALSE='#'
AMDEP_TRUE=''
AMTAR='$${TAR-tar}'
AM_BACKSLASH='\'
AM_DEFAULT_V='$(AM_DEFAULT_VERBOSITY)'
AM_DEFAULT_VERBOSITY='1'
AM_V='$(V)'
AUTOCONF='${SHELL} /home/cp983411/00_git/expe_c/check_audio_visual_timing/missing autoconf'
AUTOHEADER='${SHELL} /home/cp983411/00_git/expe_c/check_audio_visual_timing/missing autoheader'
AUTOMAKE='${SHELL} /home/cp983411/00_git/expe_c/check_audio_visual_timing/missing automake-1.16'
AWK='gawk'
CC='gcc'
CCDEPMODE='depmode=gcc3'
CFLAGS='-g -O2'
CPP='gcc -E'
CPPFLAGS=''
CYGPATH_W='echo'
DEFS='-DHAVE_CONFIG_H'
DEPDIR='.deps'
ECHO_C=''
ECHO_N='-n'
ECHO_T=''
EGREP='/usr/bin/grep -E'
EXEEXT=''
GREP='/usr/bin/grep'
INSTALL_DATA='${INSTALL} -m 644'
INSTALL_PROGRAM='${INSTALL}'
INSTALL_SCRIPT='${INSTALL}'
INSTALL_STRIP_PROGRAM='$(install_sh) -c -s'
LDFLAGS=''
LIBOBJS=''
LIBS='-lpsychexp -lSDL2 '
LTLIBOBJS=''
MAKEINFO='${SHELL} /home/cp983411/00_git/expe_c/check_audio_visual_timing/missing makeinfo'
MKDIR_P='/usr/bin/mkdir -p'
OBJEXT='o'
PACKAGE='check_audio_visual_timing'
PACKAGE_BUGREPORT='christophe@pallier.org'
PACKAGE_NAME='check_audio_visual_timing'
PACKAGE_STRING='check_audio_visual_timing 0.0.1'
PACKAGE_TARNAME='check_audio_visual_timing'
PACKAGE_URL=''
PACKAGE_VERSION='0.0.1'
PATH_SEPARATOR=':'
SET_MAKE=''
SHELL='/bin/bash'
STRIP=''
VERSION='0.0.1'
ac_ct_CC='gcc'
am__EXEEXT_FALSE=''
am__EXEEXT_TRUE='#'
am__fastdepCC_FALSE='#'
am__fastdepCC_TRUE=''
am__include='include'
am__isrc=''
am__leading_dot='.'
am__nodep='_no'
am__quote=''
am__tar='$${TAR-tar} chof - "$$tardir"'
am__untar='$${TAR-tar} xf -'
bindir='${exec_prefix}/bin'
build_alias=''
datadir='${datarootdir}'
datarootdir='${prefix}/share'
docdir='${datarootdir}/doc/${PACKAGE_TARNAME}'
dvidir='${docdir}'
exec_prefix='${prefix}'
host_alias=''
htmldir='${docdir}'
includedir='${prefix}/include'
infodir='${datarootdir}/info'
install_sh='${SHELL} /home/cp983411/00_git/expe_c/check_audio_visual_timing/install-sh'
libdir='${exec_prefix}/lib'
libexecdir='${exec_prefix}/libexec'
localedir='${datarootdir}/locale'
localstatedir='${prefix}/var'
mandir='${datarootdir}/man'
mkdir_p='$(MKDIR_P)'
oldincludedir='/usr/include'
pdfdir='${docdir}'
prefix='/usr/local'
program_transform_name='s,x,x,'
psdir='${docdir}'
runstatedir='${localstatedir}/run'
sbindir='${exec_prefix}/sbin'
sharedstatedir='${prefix}/com'
sysconfdir='${prefix}/etc'
target_alias=''

## ----------- ##
## confdefs.h. ##
## ----------- ##

/* confdefs.h */
#define PACKAGE_NAME "check_audio_visual_timing"
#define PACKAGE_TARNAME "check_audio_visual_timing"
#define PACKAGE_VERSION "0.0.1"
#define PACKAGE_STRING "check_audio_visual_timing 0.0.1"
#define PACKAGE_BUGREPORT "christophe@pallier.org"
#define PACKAGE_URL ""
#define PACKAGE "check_audio_visual_timing"
#define VERSION "0.0.1"
#define HAVE_LIBSDL2 1
#define HAVE_LIBPSYCHEXP 1
#define STDC_HEADERS 1
#define HAVE_SYS_TYPES_H 1
#define HAVE_SYS_STAT_H 1
#define HAVE_STDLIB_H 1
#define HAVE_STRING_H 1
#define HAVE_MEMORY_H 1
#define HAVE_STRINGS_H 1
#define HAVE_INTTYPES_H 1
#define HAVE_STDINT_H 1
#define HAVE_UNISTD_H 1
#define HAVE_STDLIB_H 1

configure: exit 0

## ---------------------- ##
## Running config.status. ##
## ---------------------- ##

This file was extended by check_audio_visual_timing config.status 0.0.1, which was
generated by GNU Autoconf 2.69.  Invocation command line was

  CONFIG_FILES    = 
  CONFIG_HEADERS  = 
  CONFIG_LINKS    = 
  CONFIG_COMMANDS = 
  $ ./config.status Makefile depfiles

on is154920

config.status:852: creating Makefile
config.status:1081: executing depfiles commands
config.status:1158: cd .       && sed -e '/# am--include-marker/d' Makefile         | make -f - am--depfiles
make[1]: Entering directory '/home/cp983411/00_git/expe_c/check_audio_visual_timing'
make[1]: Nothing to be done for 'am--depfiles'.
make[1]: Leaving directory '/home/cp983411/00_git/expe_c/check_audio_visual_timing'
config.status:1163: $? = 0

## ---------------------- ##
## Running config.status. ##
## ---------------------- ##

This file was extended by check_audio_visual_timing config.status 0.0.1, which was
generated by GNU Autoconf 2.69.  Invocation command line was

  CONFIG_FILES    = 
  CONFIG_HEADERS  = 
  CONFIG_LINKS    = 
  CONFIG_COMMANDS = 
  $ ./config.status Makefile depfiles

on is154920

config.status:852: creating Makefile
config.status:1081: executing depfiles commands
config.status:1158: cd .       && sed -e '/# am--include-marker/d' Makefile         | make -f - am--depfiles
make[1]: Entering directory '/home/cp983411/00_git/expe_c/check_audio_visual_timing'
make[1]: Nothing to be done for 'am--depfiles'.
make[1]: Leaving directory '/home/cp983411/00_git/expe_c/check_audio_visual_timing'
config.status:1163: $? = 0

## ---------------------- ##
## Running config.status. ##
## ---------------------- ##

This file was extended by check_audio_visual_timing config.status 0.0.1, which was
generated by GNU Autoconf 2.69.  Invocation command line was

  CONFIG_FILES    = 
  CONFIG_HEADERS  = 
  CONFIG_LINKS    = 
  CONFIG_COMMANDS = 
  $ ./config.status Makefile depfiles

on is154920

config.status:852: creating Makefile
config.status:1081: executing depfiles commands
config.status:1158: cd .       && sed -e '/# am--include-marker/d' Makefile         | make -f - am--depfiles
make[1]: Entering directory '/home/cp983411/00_git/expe_c/check_audio_visual_timing'
make[1]: Nothing to be done for 'am--depfiles'.
make[1]: Leaving directory '/home/cp983411/00_git/expe_c/check_audio_visual_timing'
config.status:1163: $? = 0

## ---------------------- ##
## Running config.status. ##
## ---------------------- ##

This file was extended by check_audio_visual_timing config.status 0.0.1, which was
generated by GNU Autoconf 2.69.  Invocation command line was

  CONFIG_FILES    = 
  CONFIG_HEADERS  = 
  CONFIG_LINKS    = 
  CONFIG_COMMANDS = 
  $ ./config.status Makefile depfiles

on is154920

config.status:852: creating Makefile
config.status:1081: executing depfiles commands
config.status:1158: cd .       && sed -e '/# am--include-marker/d' Makefile         | make -f - am--depfiles
make[1]: Entering directory '/home/cp983411/00_git/expe_c/check_audio_visual_timing'
make[1]: Nothing to be done for 'am--depfiles'.
make[1]: Leaving directory '/home/cp983411/00_git/expe_c/check_audio_visual_timing'
config.status:1163: $? = 0

## ---------------------- ##
## Running config.status. ##
## ---------------------- ##

This file was extended by check_audio_visual_timing config.status 0.0.1, which was
generated by GNU Autoconf 2.69.  Invocation command line was

  CONFIG_FILES    = 
  CONFIG_HEADERS  = 
  CONFIG_LINKS    = 
  CONFIG_COMMANDS = 
  $ ./config.status Makefile depfiles

on is154920

config.status:852: creating Makefile
config.status:1081: executing depfiles commands
config.status:1158: cd .       && sed -e '/# am--include-marker/d' Makefile         | make -f - am--depfiles
make[1]: Entering directory '/home/cp983411/00_git/expe_c/check_audio_visual_timing'
make[1]: Nothing to be done for 'am--depfiles'.
make[1]: Leaving directory '/home/cp983411/00_git/expe_c/check_audio_visual_timing'
config.status:1163: $? = 0
